This is XeTeX, Version 3.141592653-2.6-0.999995 (TeX Live 2023) (preloaded format=xelatex 2023.4.12)  3 MAY 2024 13:39
entering extended mode
 restricted \write18 enabled.
 file:line:error style messages enabled.
 %&-line parsing enabled.
**/home/barry/Desktop/BMC_review/sn-article.tex
(/home/barry/Desktop/BMC_review/sn-article.tex
LaTeX2e <2022-11-01> patch level 1
L3 programming layer <2023-03-30> (./sn-jnl.cls
Document Class: sn-jnl 2019/11/18 v0.1: An authoring template for Springer Journal articles
(/usr/local/texlive/2023/texmf-dist/tex/latex/base/article.cls
Document Class: article 2022/07/02 v1.4n Standard LaTeX document class
(/usr/local/texlive/2023/texmf-dist/tex/latex/base/fleqn.clo
File: fleqn.clo 2016/12/29 v1.2b Standard LaTeX option (flush left equations)
\mathindent=\skip48
Applying: [2015/01/01] Make \[ robust on input line 50.
LaTeX Info: Redefining \[ on input line 51.
Already applied: [0000/00/00] Make \[ robust on input line 62.
Applying: [2015/01/01] Make \] robust on input line 74.
LaTeX Info: Redefining \] on input line 75.
Already applied: [0000/00/00] Make \] robust on input line 83.
) (/usr/local/texlive/2023/texmf-dist/tex/latex/base/size10.clo
File: size10.clo 2022/07/02 v1.4n Standard LaTeX file (size option)
)
\c@part=\count181
\c@section=\count182
\c@subsection=\count183
\c@subsubsection=\count184
\c@paragraph=\count185
\c@subparagraph=\count186
\c@figure=\count187
\c@table=\count188
\abovecaptionskip=\skip49
\belowcaptionskip=\skip50
\bibindent=\dimen140
)
LaTeX Info: Redefining \rm on input line 145.
LaTeX Info: Redefining \sf on input line 146.
LaTeX Info: Redefining \tt on input line 147.
LaTeX Info: Redefining \bf on input line 148.
LaTeX Info: Redefining \it on input line 149.
LaTeX Info: Redefining \sl on input line 150.
LaTeX Info: Redefining \sc on input line 151.
LaTeX Info: Redefining \cal on input line 152.
LaTeX Info: Redefining \mit on input line 153.
LaTeX Info: Redefining \textsubscript on input line 211.
\columnhsize=\skip51
 (/usr/local/texlive/2023/texmf-dist/tex/latex/geometry/geometry.sty
Package: geometry 2020/01/02 v5.9 Page Geometry
 (/usr/local/texlive/2023/texmf-dist/tex/latex/graphics/keyval.sty
Package: keyval 2022/05/29 v1.15 key=value parser (DPC)
\KV@toks@=\toks16
) (/usr/local/texlive/2023/texmf-dist/tex/generic/iftex/ifvtex.sty
Package: ifvtex 2019/10/25 v1.7 ifvtex legacy package. Use iftex instead.
 (/usr/local/texlive/2023/texmf-dist/tex/generic/iftex/iftex.sty
Package: iftex 2022/02/03 v1.0f TeX engine tests
))
\Gm@cnth=\count189
\Gm@cntv=\count190
\c@Gm@tempcnt=\count191
\Gm@bindingoffset=\dimen141
\Gm@wd@mp=\dimen142
\Gm@odd@mp=\dimen143
\Gm@even@mp=\dimen144
\Gm@layoutwidth=\dimen145
\Gm@layoutheight=\dimen146
\Gm@layouthoffset=\dimen147
\Gm@layoutvoffset=\dimen148
\Gm@dimlist=\toks17
)
\artcatbox=\box51
\aucount=\count192
\corraucount=\count193
\punctcount=\count194
\emailcnt=\count195
\c@affn=\count196
\addcount=\count197
\PacsCount=\count198
\PacsTmpCnt=\count199
\FMremarkdim=\dimen149
\fmremarkbox=\box52
 (/usr/local/texlive/2023/texmf-dist/tex/latex/sttools/cuted.sty
Package: cuted 2021/10/04 v2.0 Mixing onecolumn and twocolumn modes
\At@ViperColsBreak=\toks18
\preCutedStrip=\toks19
\postCutedStrip=\toks20
\cuted@@tempbox@a=\box53
\cuted@@tempbox@c=\box54
\cuted@@tempbox@var=\box55
\hold@viper=\box56
\@viper=\box57
\cuted@@varbox@a=\box58
\cuted@@varbox@c=\box59
\cuted@@tempdim@spread=\dimen150
\cuted@@tempdim@a=\dimen151
\cuted@@tempdim@b=\dimen152
\ht@hold@viper=\dimen153
\ht@viper=\dimen154
\var@@pagediscards@ht=\dimen155
\stripsep=\skip52
\viper@penalty=\count266
)
\firstpagehtcheck=\dimen156
\labelwidthi=\dimen157
\labelwidthii=\dimen158
\labelwidthiii=\dimen159
\labelwidthiv=\dimen160
\figwidth=\dimen161
\figheight=\dimen162
\sidecapwidth=\dimen163
\wrapcapline=\dimen164
\totalwrapline=\dimen165
\wraptotline=\dimen166
\figurebox=\box60
\wrapfigcapbox=\box61
\figcapbox=\box62
\capbox=\box63
\headwidthskip=\skip53
\tabcapbox=\box64
\temptbox=\box65
\tempdime=\dimen167
\tabhtdime=\dimen168
 (/usr/local/texlive/2023/texmf-dist/tex/latex/graphics/rotating.sty
Package: rotating 2016/08/11 v2.16d rotated objects in LaTeX
 (/usr/local/texlive/2023/texmf-dist/tex/latex/graphics/graphicx.sty
Package: graphicx 2021/09/16 v1.2d Enhanced LaTeX Graphics (DPC,SPQR)
 (/usr/local/texlive/2023/texmf-dist/tex/latex/graphics/graphics.sty
Package: graphics 2022/03/10 v1.4e Standard LaTeX Graphics (DPC,SPQR)
 (/usr/local/texlive/2023/texmf-dist/tex/latex/graphics/trig.sty
Package: trig 2021/08/11 v1.11 sin cos tan (DPC)
) (/usr/local/texlive/2023/texmf-dist/tex/latex/graphics-cfg/graphics.cfg
File: graphics.cfg 2016/06/04 v1.11 sample graphics configuration
)
Package graphics Info: Driver file: xetex.def on input line 107.
 (/usr/local/texlive/2023/texmf-dist/tex/latex/graphics-def/xetex.def
File: xetex.def 2022/09/22 v5.0n Graphics/color driver for xetex
))
\Gin@req@height=\dimen169
\Gin@req@width=\dimen170
) (/usr/local/texlive/2023/texmf-dist/tex/latex/base/ifthen.sty
Package: ifthen 2022/04/13 v1.1d Standard LaTeX ifthen package (DPC)
)
\c@r@tfl@t=\count267
\rotFPtop=\skip54
\rotFPbot=\skip55
\rot@float@box=\box66
\rot@mess@toks=\toks21
) (/usr/local/texlive/2023/texmf-dist/tex/latex/threeparttable/threeparttable.sty
Package: threeparttable 2003/06/13  v 3.0
\@tempboxb=\box67
) (/usr/local/texlive/2023/texmf-dist/tex/latex/appendix/appendix.sty
Package: appendix 2020/02/08 v1.2c extra appendix facilities
\c@@pps=\count268
\c@@ppsavesec=\count269
\c@@ppsaveapp=\count270
) (/usr/local/texlive/2023/texmf-dist/tex/latex/hyperref/hyperref.sty
Package: hyperref 2023-02-07 v7.00v Hypertext links for LaTeX
 (/usr/local/texlive/2023/texmf-dist/tex/generic/ltxcmds/ltxcmds.sty
Package: ltxcmds 2020-05-10 v1.25 LaTeX kernel commands for general use (HO)
) (/usr/local/texlive/2023/texmf-dist/tex/generic/pdftexcmds/pdftexcmds.sty
Package: pdftexcmds 2020-06-27 v0.33 Utility functions of pdfTeX for LuaTeX (HO)
 (/usr/local/texlive/2023/texmf-dist/tex/generic/infwarerr/infwarerr.sty
Package: infwarerr 2019/12/03 v1.5 Providing info/warning/error messages (HO)
)
Package pdftexcmds Info: \pdf@primitive is available.
Package pdftexcmds Info: \pdf@ifprimitive is available.
Package pdftexcmds Info: \pdfdraftmode not found.
) (/usr/local/texlive/2023/texmf-dist/tex/latex/kvsetkeys/kvsetkeys.sty
Package: kvsetkeys 2022-10-05 v1.19 Key value parser (HO)
) (/usr/local/texlive/2023/texmf-dist/tex/generic/kvdefinekeys/kvdefinekeys.sty
Package: kvdefinekeys 2019-12-19 v1.6 Define keys (HO)
) (/usr/local/texlive/2023/texmf-dist/tex/generic/pdfescape/pdfescape.sty
Package: pdfescape 2019/12/09 v1.15 Implements pdfTeX's escape features (HO)
) (/usr/local/texlive/2023/texmf-dist/tex/latex/hycolor/hycolor.sty
Package: hycolor 2020-01-27 v1.10 Color options for hyperref/bookmark (HO)
) (/usr/local/texlive/2023/texmf-dist/tex/latex/letltxmacro/letltxmacro.sty
Package: letltxmacro 2019/12/03 v1.6 Let assignment for LaTeX macros (HO)
) (/usr/local/texlive/2023/texmf-dist/tex/latex/auxhook/auxhook.sty
Package: auxhook 2019-12-17 v1.6 Hooks for auxiliary files (HO)
) (/usr/local/texlive/2023/texmf-dist/tex/latex/hyperref/nameref.sty
Package: nameref 2022-05-17 v2.50 Cross-referencing by name of section
 (/usr/local/texlive/2023/texmf-dist/tex/latex/refcount/refcount.sty
Package: refcount 2019/12/15 v3.6 Data extraction from label references (HO)
) (/usr/local/texlive/2023/texmf-dist/tex/generic/gettitlestring/gettitlestring.sty
Package: gettitlestring 2019/12/15 v1.6 Cleanup title references (HO)
 (/usr/local/texlive/2023/texmf-dist/tex/latex/kvoptions/kvoptions.sty
Package: kvoptions 2022-06-15 v3.15 Key value format for package options (HO)
))
\c@section@level=\count271
)
\@linkdim=\dimen171
\Hy@linkcounter=\count272
\Hy@pagecounter=\count273
 (/usr/local/texlive/2023/texmf-dist/tex/latex/hyperref/pd1enc.def
File: pd1enc.def 2023-02-07 v7.00v Hyperref: PDFDocEncoding definition (HO)
) (/usr/local/texlive/2023/texmf-dist/tex/generic/intcalc/intcalc.sty
Package: intcalc 2019/12/15 v1.3 Expandable calculations with integers (HO)
) (/usr/local/texlive/2023/texmf-dist/tex/generic/etexcmds/etexcmds.sty
Package: etexcmds 2019/12/15 v1.7 Avoid name clashes with e-TeX commands (HO)
)
\Hy@SavedSpaceFactor=\count274
 (/usr/local/texlive/2023/texmf-dist/tex/latex/hyperref/puenc.def
File: puenc.def 2023-02-07 v7.00v Hyperref: PDF Unicode definition (HO)
)
Package hyperref Info: Hyper figures OFF on input line 4177.
Package hyperref Info: Link nesting OFF on input line 4182.
Package hyperref Info: Hyper index ON on input line 4185.
Package hyperref Info: Plain pages OFF on input line 4192.
Package hyperref Info: Backreferencing OFF on input line 4197.
Package hyperref Info: Implicit mode ON; LaTeX internals redefined.
Package hyperref Info: Bookmarks ON on input line 4425.
\c@Hy@tempcnt=\count275
 (/usr/local/texlive/2023/texmf-dist/tex/latex/url/url.sty
\Urlmuskip=\muskip16
Package: url 2013/09/16  ver 3.4  Verb mode for urls, etc.
)
LaTeX Info: Redefining \url on input line 4763.
\XeTeXLinkMargin=\dimen172
 (/usr/local/texlive/2023/texmf-dist/tex/generic/bitset/bitset.sty
Package: bitset 2019/12/09 v1.3 Handle bit-vector datatype (HO)
 (/usr/local/texlive/2023/texmf-dist/tex/generic/bigintcalc/bigintcalc.sty
Package: bigintcalc 2019/12/15 v1.5 Expandable calculations on big integers (HO)
))
\Fld@menulength=\count276
\Field@Width=\dimen173
\Fld@charsize=\dimen174
Package hyperref Info: Hyper figures OFF on input line 6042.
Package hyperref Info: Link nesting OFF on input line 6047.
Package hyperref Info: Hyper index ON on input line 6050.
Package hyperref Info: backreferencing OFF on input line 6057.
Package hyperref Info: Link coloring OFF on input line 6062.
Package hyperref Info: Link coloring with OCG OFF on input line 6067.
Package hyperref Info: PDF/A mode OFF on input line 6072.
 (/usr/local/texlive/2023/texmf-dist/tex/latex/base/atbegshi-ltx.sty
Package: atbegshi-ltx 2021/01/10 v1.0c Emulation of the original atbegshi
package with kernel methods
)
\Hy@abspage=\count277
\c@Item=\count278
\c@Hfootnote=\count279
)
Package hyperref Info: Driver (autodetected): hxetex.
 (/usr/local/texlive/2023/texmf-dist/tex/latex/hyperref/hxetex.def
File: hxetex.def 2023-02-07 v7.00v Hyperref driver for XeTeX
 (/usr/local/texlive/2023/texmf-dist/tex/generic/stringenc/stringenc.sty
Package: stringenc 2019/11/29 v1.12 Convert strings between diff. encodings (HO)
)
\pdfm@box=\box68
\c@Hy@AnnotLevel=\count280
\HyField@AnnotCount=\count281
\Fld@listcount=\count282
\c@bookmark@seq@number=\count283
 (/usr/local/texlive/2023/texmf-dist/tex/latex/rerunfilecheck/rerunfilecheck.sty
Package: rerunfilecheck 2022-07-10 v1.10 Rerun checks for auxiliary files (HO)
 (/usr/local/texlive/2023/texmf-dist/tex/latex/base/atveryend-ltx.sty
Package: atveryend-ltx 2020/08/19 v1.0a Emulation of the original atveryend package
with kernel methods
) (/usr/local/texlive/2023/texmf-dist/tex/generic/uniquecounter/uniquecounter.sty
Package: uniquecounter 2019/12/15 v1.4 Provide unlimited unique counter (HO)
)
Package uniquecounter Info: New unique counter `rerunfilecheck' on input line 285.
)
\Hy@SectionHShift=\skip56
)
Package hyperref Info: Option `colorlinks' set `true' on input line 1468.
Package hyperref Info: Option `breaklinks' set `true' on input line 1468.
Package hyperref Info: Option `plainpages' set `false' on input line 1468.
Package hyperref Info: Option `bookmarksopen' set `true' on input line 1468.
Package hyperref Info: Option `bookmarksnumbered' set `false' on input line 1468.
 (/usr/local/texlive/2023/texmf-dist/tex/latex/wrapfig/wrapfig.sty
\wrapoverhang=\dimen175
\WF@size=\dimen176
\c@WF@wrappedlines=\count284
\WF@box=\box69
\WF@everypar=\toks22
Package: wrapfig 2003/01/31  v 3.6
)
\wraplines=\count285
\@authorfigbox=\box70
\@authorfigboxdim=\skip57
\biofigadjskip=\skip58
 (/usr/local/texlive/2023/texmf-dist/tex/latex/natbib/natbib.sty
Package: natbib 2010/09/13 8.31b (PWD, AO)
\bibhang=\skip59
\bibsep=\skip60
LaTeX Info: Redefining \cite on input line 694.
\c@NAT@ctr=\count286
)) (/usr/local/texlive/2023/texmf-dist/tex/latex/multirow/multirow.sty
Package: multirow 2021/03/15 v2.8 Span multiple rows of a table
\multirow@colwidth=\skip61
\multirow@cntb=\count287
\multirow@dima=\skip62
\bigstrutjot=\dimen177
) (/usr/local/texlive/2023/texmf-dist/tex/latex/amsmath/amsmath.sty
Package: amsmath 2022/04/08 v2.17n AMS math features
\@mathmargin=\skip63

For additional information on amsmath, use the `?' option.
(/usr/local/texlive/2023/texmf-dist/tex/latex/amsmath/amstext.sty
Package: amstext 2021/08/26 v2.01 AMS text
 (/usr/local/texlive/2023/texmf-dist/tex/latex/amsmath/amsgen.sty
File: amsgen.sty 1999/11/30 v2.0 generic functions
\@emptytoks=\toks23
\ex@=\dimen178
)) (/usr/local/texlive/2023/texmf-dist/tex/latex/amsmath/amsbsy.sty
Package: amsbsy 1999/11/29 v1.2d Bold Symbols
\pmbraise@=\dimen179
) (/usr/local/texlive/2023/texmf-dist/tex/latex/amsmath/amsopn.sty
Package: amsopn 2022/04/08 v2.04 operator names
)
\inf@bad=\count288
LaTeX Info: Redefining \frac on input line 234.
\uproot@=\count289
\leftroot@=\count290
LaTeX Info: Redefining \overline on input line 399.
LaTeX Info: Redefining \colon on input line 410.
\classnum@=\count291
\DOTSCASE@=\count292
LaTeX Info: Redefining \ldots on input line 496.
LaTeX Info: Redefining \dots on input line 499.
LaTeX Info: Redefining \cdots on input line 620.
\Mathstrutbox@=\box71
\strutbox@=\box72
LaTeX Info: Redefining \big on input line 722.
LaTeX Info: Redefining \Big on input line 723.
LaTeX Info: Redefining \bigg on input line 724.
LaTeX Info: Redefining \Bigg on input line 725.
\big@size=\dimen180
LaTeX Font Info:    Redeclaring font encoding OML on input line 743.
LaTeX Font Info:    Redeclaring font encoding OMS on input line 744.
\macc@depth=\count293
LaTeX Info: Redefining \bmod on input line 905.
LaTeX Info: Redefining \pmod on input line 910.
LaTeX Info: Redefining \smash on input line 940.
LaTeX Info: Redefining \relbar on input line 970.
LaTeX Info: Redefining \Relbar on input line 971.
\c@MaxMatrixCols=\count294
\dotsspace@=\muskip17
\c@parentequation=\count295
\dspbrk@lvl=\count296
\tag@help=\toks24
\row@=\count297
\column@=\count298
\maxfields@=\count299
\andhelp@=\toks25
\eqnshift@=\dimen181
\alignsep@=\dimen182
\tagshift@=\dimen183
\tagwidth@=\dimen184
\totwidth@=\dimen185
\lineht@=\dimen186
\@envbody=\toks26
\multlinegap=\skip64
\multlinetaggap=\skip65
\mathdisplay@stack=\toks27
LaTeX Info: Redefining \[ on input line 2953.
LaTeX Info: Redefining \] on input line 2954.
) (/usr/local/texlive/2023/texmf-dist/tex/latex/amsfonts/amssymb.sty
Package: amssymb 2013/01/14 v3.01 AMS font symbols
 (/usr/local/texlive/2023/texmf-dist/tex/latex/amsfonts/amsfonts.sty
Package: amsfonts 2013/01/14 v3.01 Basic AMSFonts support
\symAMSa=\mathgroup4
\symAMSb=\mathgroup5
LaTeX Font Info:    Redeclaring math symbol \hbar on input line 98.
LaTeX Font Info:    Overwriting math alphabet `\mathfrak' in version `bold'
(Font)                  U/euf/m/n --> U/euf/b/n on input line 106.
)) (/usr/local/texlive/2023/texmf-dist/tex/latex/amscls/amsthm.sty
Package: amsthm 2020/05/29 v2.20.6
\thm@style=\toks28
\thm@bodyfont=\toks29
\thm@headfont=\toks30
\thm@notefont=\toks31
\thm@headpunct=\toks32
\thm@preskip=\skip66
\thm@postskip=\skip67
\thm@headsep=\skip68
\dth@everypar=\toks33
) (/usr/local/texlive/2023/texmf-dist/tex/latex/jknapltx/mathrsfs.sty
Package: mathrsfs 1996/01/01 Math RSFS package v1.0 (jk)
\symrsfs=\mathgroup6
) (/usr/local/texlive/2023/texmf-dist/tex/latex/xcolor/xcolor.sty
Package: xcolor 2022/06/12 v2.14 LaTeX color extensions (UK)
 (/usr/local/texlive/2023/texmf-dist/tex/latex/graphics-cfg/color.cfg
File: color.cfg 2016/01/02 v1.6 sample color configuration
)
Package xcolor Info: Driver file: xetex.def on input line 227.
 (/usr/local/texlive/2023/texmf-dist/tex/latex/graphics/mathcolor.ltx)
Package xcolor Info: Model `cmy' substituted by `cmy0' on input line 1353.
Package xcolor Info: Model `RGB' extended on input line 1369.
Package xcolor Info: Model `HTML' substituted by `rgb' on input line 1371.
Package xcolor Info: Model `Hsb' substituted by `hsb' on input line 1372.
Package xcolor Info: Model `tHsb' substituted by `hsb' on input line 1373.
Package xcolor Info: Model `HSB' substituted by `hsb' on input line 1374.
Package xcolor Info: Model `Gray' substituted by `gray' on input line 1375.
Package xcolor Info: Model `wave' substituted by `hsb' on input line 1376.
) (/usr/local/texlive/2023/texmf-dist/tex/latex/base/textcomp.sty
Package: textcomp 2020/02/02 v2.0n Standard LaTeX package
) (/usr/local/texlive/2023/texmf-dist/tex/latex/ncctools/manyfoot.sty
Package: manyfoot 2019/08/03 v1.11 Many Footnote Levels Package (NCC)
 (/usr/local/texlive/2023/texmf-dist/tex/latex/ncctools/nccfoots.sty
Package: nccfoots 2005/02/03 v1.2 NCC Footnotes Package (NCC)
)
\MFL@columnwidth=\dimen187
) (/usr/local/texlive/2023/texmf-dist/tex/latex/booktabs/booktabs.sty
Package: booktabs 2020/01/12 v1.61803398 Publication quality tables
\heavyrulewidth=\dimen188
\lightrulewidth=\dimen189
\cmidrulewidth=\dimen190
\belowrulesep=\dimen191
\belowbottomsep=\dimen192
\aboverulesep=\dimen193
\abovetopsep=\dimen194
\cmidrulesep=\dimen195
\cmidrulekern=\dimen196
\defaultaddspace=\dimen197
\@cmidla=\count300
\@cmidlb=\count301
\@aboverulesep=\dimen198
\@belowrulesep=\dimen199
\@thisruleclass=\count302
\@lastruleclass=\count303
\@thisrulewidth=\dimen256
) (/usr/local/texlive/2023/texmf-dist/tex/latex/algorithms/algorithm.sty
Invalid UTF-8 byte or sequence at line 11 replaced by U+FFFD.
Package: algorithm 2009/08/24 v0.1 Document Style `algorithm' - floating environment
 (/usr/local/texlive/2023/texmf-dist/tex/latex/float/float.sty
Package: float 2001/11/08 v1.3d Float enhancements (AL)
\c@float@type=\count304
\float@exts=\toks34
\float@box=\box73
\@float@everytoks=\toks35
\@floatcapt=\box74
)
\@float@every@algorithm=\toks36
\c@algorithm=\count305
) (/usr/local/texlive/2023/texmf-dist/tex/latex/algorithmicx/algorithmicx.sty
Package: algorithmicx 2005/04/27 v1.2 Algorithmicx

Document Style algorithmicx 1.2 - a greatly improved `algorithmic' style
\c@ALG@line=\count306
\c@ALG@rem=\count307
\c@ALG@nested=\count308
\ALG@tlm=\skip69
\ALG@thistlm=\skip70
\c@ALG@Lnr=\count309
\c@ALG@blocknr=\count310
\c@ALG@storecount=\count311
\c@ALG@tmpcounter=\count312
\ALG@tmplength=\skip71
) (/usr/local/texlive/2023/texmf-dist/tex/latex/algorithmicx/algpseudocode.sty
Package: algpseudocode 

Document Style - pseudocode environments for use with the `algorithmicx' style
) (/usr/local/texlive/2023/texmf-dist/tex/latex/listings/listings.sty
\lst@mode=\count313
\lst@gtempboxa=\box75
\lst@token=\toks37
\lst@length=\count314
\lst@currlwidth=\dimen257
\lst@column=\count315
\lst@pos=\count316
\lst@lostspace=\dimen258
\lst@width=\dimen259
\lst@newlines=\count317
\lst@lineno=\count318
\lst@maxwidth=\dimen260
 (/usr/local/texlive/2023/texmf-dist/tex/latex/listings/lstmisc.sty
File: lstmisc.sty 2023/02/27 1.9 (Carsten Heinz)
\c@lstnumber=\count319
\lst@skipnumbers=\count320
\lst@framebox=\box76
) (/usr/local/texlive/2023/texmf-dist/tex/latex/listings/listings.cfg
File: listings.cfg 2023/02/27 1.9 listings configuration
))
Package: listings 2023/02/27 1.9 (Carsten Heinz)
 (/usr/local/texlive/2023/texmf-dist/tex/latex/tabularray/tabularray.sty (/usr/local/texlive/2023/texmf-dist/tex/latex/l3kernel/expl3.sty
Package: expl3 2023-03-30 L3 programming layer (loader) 
 (/usr/local/texlive/2023/texmf-dist/tex/latex/l3backend/l3backend-xetex.def
File: l3backend-xetex.def 2023-03-30 L3 backend support: XeTeX
\g__graphics_track_int=\count321
\l__pdf_internal_box=\box77
\g__pdf_backend_object_int=\count322
\g__pdf_backend_annotation_int=\count323
\g__pdf_backend_link_int=\count324
))
Package: tabularray 2023-03-01 v2023A Typeset tabulars and arrays with LaTeX3
\l__tblr_a_int=\count325
\l__tblr_c_int=\count326
\l__tblr_r_int=\count327
\l__tblr_d_dim=\dimen261
\l__tblr_h_dim=\dimen262
\l__tblr_o_dim=\dimen263
\l__tblr_p_dim=\dimen264
\l__tblr_q_dim=\dimen265
\l__tblr_r_dim=\dimen266
\l__tblr_s_dim=\dimen267
\l__tblr_t_dim=\dimen268
\l__tblr_v_dim=\dimen269
\l__tblr_w_dim=\dimen270
\l__tblr_a_box=\box78
\l__tblr_b_box=\box79
\l__tblr_c_box=\box80
\l__tblr_d_box=\box81
\g__tblr_table_count_int=\count328
\c@rownum=\count329
\c@colnum=\count330
\c@rowcount=\count331
\c@colcount=\count332
\abovesep=\dimen271
\belowsep=\dimen272
\leftsep=\dimen273
\rightsep=\dimen274
\g_tblr_level_int=\count333
\g__tblr_data_row_key_count_int=\count334
\g__tblr_data_column_key_count_int=\count335
\g__tblr_data_cell_key_count_int=\count336
\g__tblr_array_int=\count337
\l__tblr_key_count_int=\count338
\l__tblr_key_quotient_int=\count339
\l__tblr_key_quotient_two_int=\count340
\l__tblr_key_remainder_int=\count341
\g__tblr_data_str_value_count_int=\count342
\rulewidth=\dimen275
\l__tblr_strut_dp_dim=\dimen276
\l__tblr_strut_ht_dim=\dimen277
\g__tblr_cell_wd_dim=\dimen278
\g__tblr_cell_ht_dim=\dimen279
\g__tblr_cell_head_dim=\dimen280
\g__tblr_cell_foot_dim=\dimen281
\l__column_target_dim=\dimen282
\l__tblr_caption_box=\box82
\l__tblr_caption_left_box=\box83
\l__tblr_row_head_box=\box84
\l__tblr_row_foot_box=\box85
\l__tblr_row_head_foot_dim=\dimen283
\tablewidth=\dimen284
\l__tblr_table_firsthead_box=\box86
\l__tblr_table_middlehead_box=\box87
\l__tblr_table_lasthead_box=\box88
\l__tblr_table_firstfoot_box=\box89
\l__tblr_table_middlefoot_box=\box90
\l__tblr_table_lastfoot_box=\box91
\l__tblr_remain_height_dim=\dimen285
\l__tblr_long_from_int=\count343
\l__tblr_long_to_int=\count344
\l__tblr_curr_i_int=\count345
\l__tblr_prev_i_int=\count346
\l__tblr_table_page_int=\count347
\l__tblr_table_head_box=\box92
\l__tblr_table_foot_box=\box93
\l__tblr_table_head_foot_dim=\dimen286
\l__tblr_table_head_body_foot_dim=\dimen287
\l__tblr_table_box=\box94
\l__tblr_table_hlines_box=\box95
\l__tblr_hline_box=\box96
\l__tblr_row_box=\box97
\l__tblr_col_o_wd_dim=\dimen288
\l__tblr_col_b_wd_dim=\dimen289
\l__tblr_hline_leftskip_dim=\dimen290
\l__tblr_hline_rightskip_dim=\dimen291
\l__tblr_row_ht_dim=\dimen292
\l__tblr_row_dp_dim=\dimen293
\l__tblr_row_abovesep_dim=\dimen294
\l__tblr_row_belowsep_dim=\dimen295
\l__tblr_row_vlines_box=\box98
\l__tblr_vline_box=\box99
\l__tblr_cell_box=\box100
\l__row_upper_dim=\dimen296
\l__row_lower_dim=\dimen297
\l__row_vpace_dim=\dimen298
\l__tblr_vline_aboveskip_dim=\dimen299
\l__tblr_vline_belowskip_dim=\dimen300
\l__tblr_cell_wd_dim=\dimen301
\l__tblr_cell_ht_dim=\dimen302
\l__tblr_diag_box=\box101
) (/usr/local/texlive/2023/texmf-dist/tex/latex/changepage/changepage.sty
Package: changepage 2009/10/20 v1.0c check page and change page layout
\c@cp@cntr=\count348
\cp@tempcnt=\count349
) (./sn-article.aux)
\openout1 = `sn-article.aux'.

LaTeX Font Info:    Checking defaults for OML/cmm/m/it on input line 84.
LaTeX Font Info:    ... okay on input line 84.
LaTeX Font Info:    Checking defaults for OMS/cmsy/m/n on input line 84.
LaTeX Font Info:    ... okay on input line 84.
LaTeX Font Info:    Checking defaults for OT1/cmr/m/n on input line 84.
LaTeX Font Info:    ... okay on input line 84.
LaTeX Font Info:    Checking defaults for T1/cmr/m/n on input line 84.
LaTeX Font Info:    ... okay on input line 84.
LaTeX Font Info:    Checking defaults for TS1/cmr/m/n on input line 84.
LaTeX Font Info:    Trying to load font information for TS1+cmr on input line 84.
 (/usr/local/texlive/2023/texmf-dist/tex/latex/base/ts1cmr.fd
File: ts1cmr.fd 2022/07/10 v2.5l Standard LaTeX font definitions
)
LaTeX Font Info:    ... okay on input line 84.
LaTeX Font Info:    Checking defaults for TU/lmr/m/n on input line 84.
LaTeX Font Info:    ... okay on input line 84.
LaTeX Font Info:    Checking defaults for OMX/cmex/m/n on input line 84.
LaTeX Font Info:    ... okay on input line 84.
LaTeX Font Info:    Checking defaults for U/cmr/m/n on input line 84.
LaTeX Font Info:    ... okay on input line 84.
LaTeX Font Info:    Checking defaults for PD1/pdf/m/n on input line 84.
LaTeX Font Info:    ... okay on input line 84.
LaTeX Font Info:    Checking defaults for PU/pdf/m/n on input line 84.
LaTeX Font Info:    ... okay on input line 84.

*geometry* driver: auto-detecting
*geometry* detected driver: xetex
*geometry* verbose mode - [ preamble ] result:
* driver: xetex
* paper: custom
* layout: <same size as paper>
* layoutoffset:(h,v)=(0.0pt,0.0pt)
* bindingoffset: 17.07164pt
* modes: twoside 
* h-part:(L,W,R)=(83.37448pt, 372.0pt, 125.06175pt)
* v-part:(T,H,B)=(73.97716pt, 552.69478pt, 218.37491pt)
* \paperwidth=597.50787pt
* \paperheight=845.04684pt
* \textwidth=372.0pt
* \textheight=552.69478pt
* \oddsidemargin=28.17613pt
* \evensidemargin=52.79176pt
* \topmargin=-19.72638pt
* \headheight=5.5pt
* \headsep=15.93355pt
* \topskip=10.0pt
* \footskip=28.45274pt
* \marginparwidth=34.1433pt
* \marginparsep=14.22636pt
* \columnsep=14.22636pt
* \skip\footins=8.0pt plus 4.0pt
* \hoffset=0.0pt
* \voffset=0.0pt
* \mag=1000
* \@twocolumnfalse
* \@twosidetrue
* \@mparswitchtrue
* \@reversemargintrue
* (1in=72.27pt=25.4mm, 1cm=28.453pt)

Package hyperref Info: Link coloring ON on input line 84.
(./sn-article.out) (./sn-article.out)
\@outlinefile=\write3
\openout3 = `sn-article.out'.

\c@lstlisting=\count350
 (/usr/local/texlive/2023/texmf-dist/tex/latex/ninecolors/ninecolors.sty
Package: ninecolors 2022-02-13 vv2022D Select colors with proper color contrast
 (/usr/local/texlive/2023/texmf-dist/tex/latex/l3packages/xparse/xparse.sty
Package: xparse 2023-02-02 L3 Experimental document command parser
))
LaTeX Font Info:    Calculating math sizes for size <12.045> on input line 118.


LaTeX Font Warning: Font shape `OT1/cmr/bx/n' in size <8.43146> not available
(Font)              size <8> substituted on input line 118.


LaTeX Font Warning: Font shape `OML/cmm/b/it' in size <8.43146> not available
(Font)              size <8> substituted on input line 118.


LaTeX Font Warning: Font shape `OMS/cmsy/b/n' in size <8.43146> not available
(Font)              size <8> substituted on input line 118.

LaTeX Font Info:    Trying to load font information for U+msa on input line 118.
(/usr/local/texlive/2023/texmf-dist/tex/latex/amsfonts/umsa.fd
File: umsa.fd 2013/01/14 v3.01 AMS symbols A
)
LaTeX Font Info:    Trying to load font information for U+msb on input line 118.
 (/usr/local/texlive/2023/texmf-dist/tex/latex/amsfonts/umsb.fd
File: umsb.fd 2013/01/14 v3.01 AMS symbols B
)
LaTeX Font Info:    Trying to load font information for U+rsfs on input line 118.
 (/usr/local/texlive/2023/texmf-dist/tex/latex/jknapltx/ursfs.fd
File: ursfs.fd 1998/03/24 rsfs font definition file (jk)
)

LaTeX Font Warning: Font shape `U/rsfs/m/n' in size <8.43146> not available
(Font)              size <8> substituted on input line 118.

LaTeX Font Info:    Calculating math sizes for size <11.04124> on input line 118.

LaTeX Font Warning: Font shape `OT1/cmr/bx/n' in size <5.52061> not available
(Font)              size <6> substituted on input line 118.


LaTeX Font Warning: Font shape `OML/cmm/b/it' in size <5.52061> not available
(Font)              size <6> substituted on input line 118.


LaTeX Font Warning: Font shape `OMS/cmsy/b/n' in size <5.52061> not available
(Font)              size <6> substituted on input line 118.


LaTeX Font Warning: Font shape `U/rsfs/m/n' in size <5.52061> not available
(Font)              size <6> substituted on input line 118.

LaTeX Font Info:    Calculating math sizes for size <10.03749> on input line 118.

Underfull \vbox (badness 10000) has occurred while \output is active []

 [1

]
Underfull \vbox (badness 10000) has occurred while \output is active []

 [2]
Underfull \vbox (badness 10000) has occurred while \output is active []

 [3]
File: Figure1.png Graphic file (type bmp)
<Figure1.png>
File: Figure2.png Graphic file (type bmp)
<Figure2.png>

Underfull \vbox (badness 10000) has occurred while \output is active []

 [4]
Underfull \vbox (badness 10000) has occurred while \output is active []

 [5]
Underfull \vbox (badness 10000) has occurred while \output is active []

 [6]
Underfull \vbox (badness 10000) has occurred while \output is active []

 [7]
Underfull \vbox (badness 10000) has occurred while \output is active []

 [8]
Underfull \vbox (badness 10000) has occurred while \output is active []

 [9]
Underfull \vbox (badness 10000) has occurred while \output is active []

 [10]
Underfull \vbox (badness 10000) has occurred while \output is active []

 [11]
Underfull \vbox (badness 10000) has occurred while \output is active []

 [12]
Underfull \vbox (badness 10000) has occurred while \output is active []

 [13]
Underfull \vbox (badness 10000) has occurred while \output is active []

 [14]
Underfull \vbox (badness 10000) has occurred while \output is active []

 [15]
Underfull \vbox (badness 10000) has occurred while \output is active []

 [16]
Underfull \vbox (badness 10000) has occurred while \output is active []

 [17]
Underfull \vbox (badness 10000) has occurred while \output is active []

 [18]
Underfull \vbox (badness 10000) has occurred while \output is active []

 [19]
Underfull \vbox (badness 10000) has occurred while \output is active []

 [20]
Underfull \vbox (badness 10000) has occurred while \output is active []

 [21]
> Step: init table outer spec.
> Step: parse table options.
> Step: split table.
> Step: init table inner spec.
> Step: parse table inner spec.
> Step: execute table commands.
> Step: calculate cell and line sizes.

Overfull \hbox (2.06369pt too wide) in paragraph at lines 323--323
[]\TU/lmr/bx/n/10.03749 Installation$[]$ 
 []


Overfull \hbox (17.97014pt too wide) in paragraph at lines 323--323
[]\TU/lmr/bx/n/10.03749 Aligner$[]$ 
 []


Overfull \hbox (15.94551pt too wide) in paragraph at lines 323--323
[]\TU/lmr/bx/n/10.03749 Language 
 []


Underfull \hbox (badness 1783) in paragraph at lines 323--323
[]\TU/lmr/m/n/10.03749 Identification & quantifica-
 []


Underfull \hbox (badness 10000) in paragraph at lines 323--323
[]\TU/lmr/m/n/10.03749 BWA,
 []


Underfull \hbox (badness 10000) in paragraph at lines 323--323
[]\TU/lmr/m/n/10.03749 Assembly based circRNA
 []


Underfull \hbox (badness 10000) in paragraph at lines 323--323
[]\TU/lmr/m/n/10.03749 BWA,
 []


Overfull \hbox (3.37857pt too wide) in paragraph at lines 323--323
\TU/lmr/m/n/10.03749 Bowtie2 
 []


Overfull \hbox (5.35596pt too wide) in paragraph at lines 323--323
[]\TU/lmr/m/n/10.03749 Python2 
 []


Underfull \hbox (badness 10000) in paragraph at lines 323--323
[]\TU/lmr/m/n/10.03749 Archael/bacterial circRNA
 []


Overfull \hbox (8.8189pt too wide) in paragraph at lines 323--323
[]\TU/lmr/m/n/10.03749 Segemehl 
 []


Overfull \hbox (5.35596pt too wide) in paragraph at lines 323--323
[]\TU/lmr/m/n/10.03749 Python3 
 []


Overfull \hbox (3.37857pt too wide) in paragraph at lines 323--323
[]\TU/lmr/m/n/10.03749 Bowtie2 
 []


Overfull \hbox (11.50894pt too wide) in paragraph at lines 323--323
[]\TU/lmr/m/n/10.03749 C++,Perl 
 []


Overfull \hbox (14.29936pt too wide) in paragraph at lines 323--323
[]\TU/lmr/m/n/10.03749 C++,Perl,
 []


Overfull \hbox (14.01831pt too wide) in paragraph at lines 323--323
\TU/lmr/m/n/10.03749 JavaScript 
 []


Underfull \hbox (badness 10000) in paragraph at lines 323--323
[]\TU/lmr/m/n/10.03749 Full circle reconstruction,
 []


Overfull \hbox (1.58186pt too wide) in paragraph at lines 323--323
[]\TU/lmr/m/n/10.03749 TopHat 
 []


Overfull \hbox (5.35596pt too wide) in paragraph at lines 323--323
[]\TU/lmr/m/n/10.03749 Python2 
 []


Overfull \hbox (5.35596pt too wide) in paragraph at lines 323--323
[]\TU/lmr/m/n/10.03749 Python3 
 []


Underfull \hbox (badness 10000) in paragraph at lines 323--323
[]\TU/lmr/m/n/10.03749 Conda, pip,
 []


Overfull \hbox (1.58186pt too wide) in paragraph at lines 323--323
\TU/lmr/m/n/10.03749 TopHat 
 []


Overfull \hbox (5.35596pt too wide) in paragraph at lines 323--323
[]\TU/lmr/m/n/10.03749 Python2 
 []


Underfull \hbox (badness 10000) in paragraph at lines 323--323
[]\TU/lmr/m/n/10.03749 Conda, pip,
 []


Underfull \hbox (badness 10000) in paragraph at lines 323--323
[]\TU/lmr/m/n/10.03749 BWA,
 []


Underfull \hbox (badness 10000) in paragraph at lines 323--323
\TU/lmr/m/n/10.03749 Map-
 []


Underfull \hbox (badness 10000) in paragraph at lines 323--323
\TU/lmr/m/n/10.03749 Splice,
 []


Underfull \hbox (badness 10000) in paragraph at lines 323--323
\TU/lmr/m/n/10.03749 Sege-
 []


Underfull \hbox (badness 10000) in paragraph at lines 323--323
\TU/lmr/m/n/10.03749 mehl,
 []


Underfull \hbox (badness 10000) in paragraph at lines 323--323
\TU/lmr/m/n/10.03749 STAR,
 []


Overfull \hbox (1.58186pt too wide) in paragraph at lines 323--323
\TU/lmr/m/n/10.03749 TopHat 
 []


Overfull \hbox (5.35596pt too wide) in paragraph at lines 323--323
[]\TU/lmr/m/n/10.03749 Python2 
 []


Underfull \hbox (badness 10000) in paragraph at lines 323--323
[]\TU/lmr/m/n/10.03749 Hisat2,
 []


Overfull \hbox (12.21156pt too wide) in paragraph at lines 323--323
\TU/lmr/m/n/10.03749 StringTie,
 []


Underfull \hbox (badness 10000) in paragraph at lines 323--323
\TU/lmr/m/n/10.03749 CIRC-
 []


Underfull \hbox (badness 10000) in paragraph at lines 323--323
\TU/lmr/m/n/10.03749 ex-
 []


Overfull \hbox (5.35596pt too wide) in paragraph at lines 323--323
[]\TU/lmr/m/n/10.03749 Python3 
 []


Underfull \hbox (badness 10000) in paragraph at lines 323--323
[]\TU/lmr/m/n/10.03749 Detect circRNA isoforms
 []


Overfull \hbox (11.61935pt too wide) in paragraph at lines 323--323
[]\TU/lmr/m/n/10.03749 minimap2 
 []


Overfull \hbox (5.35596pt too wide) in paragraph at lines 323--323
[]\TU/lmr/m/n/10.03749 Python3 
 []


Underfull \hbox (badness 1028) in paragraph at lines 323--323
[]\TU/lmr/m/n/10.03749 Predicting circRNA regula-
 []


Overfull \hbox (5.35596pt too wide) in paragraph at lines 323--323
[]\TU/lmr/m/n/10.03749 Python2 
 []


Underfull \hbox (badness 10000) in paragraph at lines 323--323
[]\TU/lmr/m/n/10.03749 C++,
 []


Overfull \hbox (14.01831pt too wide) in paragraph at lines 323--323
\TU/lmr/m/n/10.03749 JavaScript 
 []


Underfull \hbox (badness 10000) in paragraph at lines 323--323
[]\TU/lmr/m/n/10.03749 Automated detection of
 []


Underfull \hbox (badness 4084) in paragraph at lines 323--323
\TU/lmr/m/n/10.03749 circRNAs usign integrated
 []


Underfull \hbox (badness 10000) in paragraph at lines 323--323
[]\TU/lmr/m/n/10.03749 Manual,
 []


Overfull \hbox (5.21544pt too wide) in paragraph at lines 323--323
[]\TU/lmr/m/n/10.03749 Multiple 
 []


Overfull \hbox (8.14638pt too wide) in paragraph at lines 323--323
[]\TU/lmr/m/n/10.03749 Python2,
 []


Underfull \hbox (badness 10000) in paragraph at lines 323--323
[]\TU/lmr/m/n/10.03749 Automated detection of
 []


Underfull \hbox (badness 4084) in paragraph at lines 323--323
\TU/lmr/m/n/10.03749 circRNAs using integrated
 []


Underfull \hbox (badness 10000) in paragraph at lines 323--323
[]\TU/lmr/m/n/10.03749 Manual,
 []


Overfull \hbox (5.21544pt too wide) in paragraph at lines 323--323
[]\TU/lmr/m/n/10.03749 Multiple 
 []


Overfull \hbox (8.14638pt too wide) in paragraph at lines 323--323
[]\TU/lmr/m/n/10.03749 Python2,
 []


Underfull \hbox (badness 10000) in paragraph at lines 323--323
[]\TU/lmr/m/n/10.03749 circRNA coding potential
 []


Underfull \hbox (badness 5490) in paragraph at lines 323--323
[]\TU/lmr/m/n/10.03749 Identification of circRNAs
 []


Overfull \hbox (3.37857pt too wide) in paragraph at lines 323--323
[]\TU/lmr/m/n/10.03749 Bowtie2 
 []


Overfull \hbox (5.21544pt too wide) in paragraph at lines 323--323
[]\TU/lmr/m/n/10.03749 Multiple 
 []


Underfull \hbox (badness 2189) in paragraph at lines 323--323
[]\TU/lmr/m/n/10.03749 Suite of tools to identify,
 []


Overfull \hbox (15.53398pt too wide) in paragraph at lines 323--323
[]\TU/lmr/m/n/10.03749 Python3,R 
 []


Underfull \hbox (badness 7631) in paragraph at lines 323--323
[]\TU/lmr/m/n/10.03749 Full-length characterisation
 []


Overfull \hbox (4.37228pt too wide) in paragraph at lines 323--323
[]\TU/lmr/m/n/10.03749 TopHat, 
 []


Overfull \hbox (8.8189pt too wide) in paragraph at lines 323--323
\TU/lmr/m/n/10.03749 Segemehl 
 []


Overfull \hbox (5.35596pt too wide) in paragraph at lines 323--323
[]\TU/lmr/m/n/10.03749 Python2 
 []


Underfull \hbox (badness 4805) in paragraph at lines 323--323
[]\TU/lmr/m/n/10.03749 Detect alternative splicing
 []


Underfull \hbox (badness 1783) in paragraph at lines 323--323
[]\TU/lmr/m/n/10.03749 Identification & quantifica-
 []


Underfull \hbox (badness 1783) in paragraph at lines 323--323
[]\TU/lmr/m/n/10.03749 Identification & quantifica-
 []


Overfull \hbox (5.35596pt too wide) in paragraph at lines 323--323
[]\TU/lmr/m/n/10.03749 Python3 
 []


Overfull \hbox (14.01831pt too wide) in paragraph at lines 323--323
[]\TU/lmr/m/n/10.03749 JavaScript 
 []


Underfull \hbox (badness 10000) in paragraph at lines 323--323
[]\TU/lmr/m/n/10.03749 Identify circRNAs in
 []


Overfull \hbox (11.61935pt too wide) in paragraph at lines 323--323
\TU/lmr/m/n/10.03749 minimap2 
 []


Underfull \hbox (badness 10000) in paragraph at lines 323--323
[]\TU/lmr/m/n/10.03749 C++,
 []


Overfull \hbox (5.35596pt too wide) in paragraph at lines 323--323
\TU/lmr/m/n/10.03749 Python3 
 []


Underfull \hbox (badness 10000) in paragraph at lines 323--323
[]\TU/lmr/m/n/10.03749 BWA,
 []


Overfull \hbox (3.81018pt too wide) in paragraph at lines 323--323
\TU/lmr/m/n/10.03749 HISAT2 
 []


Overfull \hbox (5.35596pt too wide) in paragraph at lines 323--323
[]\TU/lmr/m/n/10.03749 Python2 
 []


Underfull \hbox (badness 3029) in paragraph at lines 323--323
[]\TU/lmr/m/n/10.03749 Visualising circRNA align-
 []


Overfull \hbox (14.01831pt too wide) in paragraph at lines 323--323
[]\TU/lmr/m/n/10.03749 JavaScript 
 []


Underfull \hbox (badness 10000) in paragraph at lines 323--323
[]\TU/lmr/m/n/10.03749 Stacked generalization
 []


Underfull \hbox (badness 10000) in paragraph at lines 323--323
\TU/lmr/m/n/10.03749 ensemble deep learning
 []


Underfull \hbox (badness 10000) in paragraph at lines 323--323
\TU/lmr/m/n/10.03749 model to identify RBP
 []


Overfull \hbox (5.35596pt too wide) in paragraph at lines 323--323
[]\TU/lmr/m/n/10.03749 Python3 
 []


Underfull \hbox (badness 10000) in paragraph at lines 323--323
[]\TU/lmr/m/n/10.03749 BWA,
 []


Underfull \hbox (badness 10000) in paragraph at lines 323--323
\TU/lmr/m/n/10.03749 STAR,
 []


Overfull \hbox (5.35596pt too wide) in paragraph at lines 323--323
[]\TU/lmr/m/n/10.03749 Python2 
 []


Overfull \hbox (5.35596pt too wide) in paragraph at lines 323--323
[]\TU/lmr/m/n/10.03749 Python3 
 []


Overfull \hbox (2.56554pt too wide) in paragraph at lines 323--323
[]\TU/lmr/m/n/10.03749 Pyton2,
 []


Underfull \hbox (badness 10000) in paragraph at lines 323--323
[]\TU/lmr/m/n/10.03749 Manual,
 []


Overfull \hbox (6.16899pt too wide) in paragraph at lines 323--323
[]\TU/lmr/m/n/10.03749 Bowtie2,
 []


Overfull \hbox (16.80873pt too wide) in paragraph at lines 323--323
[]\TU/lmr/m/n/10.03749 JavaScript,
 []


Underfull \hbox (badness 1783) in paragraph at lines 323--323
[]\TU/lmr/m/n/10.03749 Identification & quantifica-
 []


Overfull \hbox (3.37857pt too wide) in paragraph at lines 323--323
[]\TU/lmr/m/n/10.03749 Bowtie2 
 []


Overfull \hbox (5.35596pt too wide) in paragraph at lines 323--323
[]\TU/lmr/m/n/10.03749 Python2 
 []


Overfull \hbox (8.14638pt too wide) in paragraph at lines 323--323
[]\TU/lmr/m/n/10.03749 Python2,
 []


Underfull \hbox (badness 10000) in paragraph at lines 323--323
[]\TU/lmr/m/n/10.03749 Workflow for mRNA,
 []


Underfull \hbox (badness 10000) in paragraph at lines 323--323
\TU/lmr/m/n/10.03749 lncRNA, circRNA
 []


Underfull \hbox (badness 10000) in paragraph at lines 323--323
\TU/lmr/m/n/10.03749 identification &
 []


Overfull \hbox (12.46251pt too wide) in paragraph at lines 323--323
[]\TU/lmr/m/n/10.03749 Minimap2 
 []


Underfull \hbox (badness 10000) in paragraph at lines 323--323
[]\TU/lmr/m/n/10.03749 circular RNA prediction
 []


Overfull \hbox (5.35596pt too wide) in paragraph at lines 323--323
[]\TU/lmr/m/n/10.03749 Python3 
 []


Underfull \hbox (badness 7433) in paragraph at lines 323--323
[]\TU/lmr/m/n/10.03749 Statistical based circRNA
 []


Overfull \hbox (1.15025pt too wide) in paragraph at lines 323--323
[]\TU/lmr/m/n/10.03749 Bowtie,
 []


Overfull \hbox (3.37857pt too wide) in paragraph at lines 323--323
\TU/lmr/m/n/10.03749 Bowtie2 
 []


Overfull \hbox (3.12764pt too wide) in paragraph at lines 323--323
[]\TU/lmr/m/n/10.03749 Python,
 []


Underfull \hbox (badness 10000) in paragraph at lines 323--323
[]\TU/lmr/m/n/10.03749 circRNA quantification,
 []


Overfull \hbox (8.14638pt too wide) in paragraph at lines 323--323
[]\TU/lmr/m/n/10.03749 Python2,
 []


Underfull \hbox (badness 10000) in paragraph at lines 323--323
\TU/lmr/m/n/10.03749 R,
 []


Underfull \hbox (badness 10000) in paragraph at lines 323--323
[]\TU/lmr/m/n/10.03749 BWA,
 []


Overfull \hbox (5.35596pt too wide) in paragraph at lines 323--323
\TU/lmr/m/n/10.03749 Python2 
 []


Underfull \hbox (badness 10000) in paragraph at lines 323--323
[]\TU/lmr/m/n/10.03749 Conda,
 []


Overfull \hbox (5.21544pt too wide) in paragraph at lines 323--323
[]\TU/lmr/m/n/10.03749 Multiple 
 []


Overfull \hbox (4.92435pt too wide) in paragraph at lines 323--323
[]\TU/lmr/m/n/10.03749 nextflow 
 []


Underfull \hbox (badness 5519) in paragraph at lines 323--323
[]\TU/lmr/m/n/10.03749 Random forest plant cir-
 []


Overfull \hbox (6.16899pt too wide) in paragraph at lines 323--323
[]\TU/lmr/m/n/10.03749 Bowtie2,
 []


Overfull \hbox (6.6006pt too wide) in paragraph at lines 323--323
\TU/lmr/m/n/10.03749 TopHat2 
 []


Overfull \hbox (8.14638pt too wide) in paragraph at lines 323--323
[]\TU/lmr/m/n/10.03749 Python3,
 []


Overfull \hbox (5.35596pt too wide) in paragraph at lines 323--323
\TU/lmr/m/n/10.03749 Python2 
 []


Overfull \hbox (5.35596pt too wide) in paragraph at lines 323--323
[]\TU/lmr/m/n/10.03749 Python2 
 []


Underfull \hbox (badness 5359) in paragraph at lines 323--323
[]\TU/lmr/m/n/10.03749 Classification of circRNAs
 []


Overfull \hbox (5.35596pt too wide) in paragraph at lines 323--323
[]\TU/lmr/m/n/10.03749 Python2 
 []


Overfull \hbox (5.35596pt too wide) in paragraph at lines 323--323
[]\TU/lmr/m/n/10.03749 Python2 
 []


Underfull \hbox (badness 1189) in paragraph at lines 323--323
[]\TU/lmr/m/n/10.03749 Identify post-transcriptional
 []


Overfull \hbox (16.80873pt too wide) in paragraph at lines 323--323
[]\TU/lmr/m/n/10.03749 JavaScript,
 []


Underfull \hbox (badness 10000) in paragraph at lines 323--323
[]\TU/lmr/m/n/10.03749 Annotation free circRNA
 []


Overfull \hbox (3.37857pt too wide) in paragraph at lines 323--323
\TU/lmr/m/n/10.03749 Bowtie2 
 []


Overfull \hbox (8.14638pt too wide) in paragraph at lines 323--323
[]\TU/lmr/m/n/10.03749 Python3,
 []


Overfull \hbox (6.16899pt too wide) in paragraph at lines 323--323
[]\TU/lmr/m/n/10.03749 Bowtie2,
 []


Underfull \hbox (badness 10000) in paragraph at lines 323--323
\TU/lmr/m/n/10.03749 BWA,
 []


Overfull \hbox (6.6006pt too wide) in paragraph at lines 323--323
\TU/lmr/m/n/10.03749 HISAT2,
 []


Underfull \hbox (badness 10000) in paragraph at lines 323--323
\TU/lmr/m/n/10.03749 STAR,
 []


Overfull \hbox (9.42114pt too wide) in paragraph at lines 323--323
\TU/lmr/m/n/10.03749 StringTie 
 []


Overfull \hbox (5.35596pt too wide) in paragraph at lines 323--323
[]\TU/lmr/m/n/10.03749 Python2 
 []


Overfull \hbox (8.8189pt too wide) in paragraph at lines 323--323
[]\TU/lmr/m/n/10.03749 Segemehl 
 []


Underfull \hbox (badness 5359) in paragraph at lines 323--323
[]\TU/lmr/m/n/10.03749 Classification of circRNAs
 []


Underfull \hbox (badness 10000) in paragraph at lines 323--323
[]\TU/lmr/m/n/10.03749 Identify circRNAs from
 []


Underfull \hbox (badness 10000) in paragraph at lines 323--323
[]\TU/lmr/m/n/10.03749 Perl,
 []

> Step: build the whole table.
LaTeX Font Info:    Calculating math sizes for size <7.0262> on input line 323.

LaTeX Font Warning: Font shape `OT1/cmr/m/n' in size <3.51309> not available
(Font)              size <5> substituted on input line 323.


LaTeX Font Warning: Font shape `OML/cmm/m/it' in size <3.51309> not available
(Font)              size <5> substituted on input line 323.


LaTeX Font Warning: Font shape `OMS/cmsy/m/n' in size <3.51309> not available
(Font)              size <5> substituted on input line 323.


LaTeX Font Warning: Font shape `U/rsfs/m/n' in size <3.51309> not available
(Font)              size <5> substituted on input line 323.


Overfull \hbox (1.80865pt too wide) detected at line 323
$[]$[] 
 []


Overfull \hbox (2.06369pt too wide) in paragraph at lines 323--323
[]\TU/lmr/bx/n/10.03749 Installation$[]$ 
 []


Overfull \hbox (17.97014pt too wide) in paragraph at lines 323--323
[]\TU/lmr/bx/n/10.03749 Aligner$[]$ 
 []


Overfull \hbox (15.94551pt too wide) in paragraph at lines 323--323
[]\TU/lmr/bx/n/10.03749 Language 
 []


Underfull \hbox (badness 1783) in paragraph at lines 323--323
[]\TU/lmr/m/n/10.03749 Identification & quantifica-
 []


Underfull \hbox (badness 10000) in paragraph at lines 323--323
[]\TU/lmr/m/n/10.03749 BWA,
 []


Underfull \hbox (badness 10000) in paragraph at lines 323--323
[]\TU/lmr/m/n/10.03749 Assembly based circRNA
 []


Underfull \hbox (badness 10000) in paragraph at lines 323--323
[]\TU/lmr/m/n/10.03749 BWA,
 []


Overfull \hbox (3.37857pt too wide) in paragraph at lines 323--323
\TU/lmr/m/n/10.03749 Bowtie2 
 []


Overfull \hbox (5.35596pt too wide) in paragraph at lines 323--323
[]\TU/lmr/m/n/10.03749 Python2 
 []


Underfull \hbox (badness 10000) in paragraph at lines 323--323
[]\TU/lmr/m/n/10.03749 Archael/bacterial circRNA
 []


Overfull \hbox (8.8189pt too wide) in paragraph at lines 323--323
[]\TU/lmr/m/n/10.03749 Segemehl 
 []


Overfull \hbox (5.35596pt too wide) in paragraph at lines 323--323
[]\TU/lmr/m/n/10.03749 Python3 
 []


Overfull \hbox (3.37857pt too wide) in paragraph at lines 323--323
[]\TU/lmr/m/n/10.03749 Bowtie2 
 []


Overfull \hbox (11.50894pt too wide) in paragraph at lines 323--323
[]\TU/lmr/m/n/10.03749 C++,Perl 
 []


Overfull \hbox (14.29936pt too wide) in paragraph at lines 323--323
[]\TU/lmr/m/n/10.03749 C++,Perl,
 []


Overfull \hbox (14.01831pt too wide) in paragraph at lines 323--323
\TU/lmr/m/n/10.03749 JavaScript 
 []


Underfull \hbox (badness 10000) in paragraph at lines 323--323
[]\TU/lmr/m/n/10.03749 Full circle reconstruction,
 []


Overfull \hbox (1.58186pt too wide) in paragraph at lines 323--323
[]\TU/lmr/m/n/10.03749 TopHat 
 []


Overfull \hbox (5.35596pt too wide) in paragraph at lines 323--323
[]\TU/lmr/m/n/10.03749 Python2 
 []


Overfull \hbox (5.35596pt too wide) in paragraph at lines 323--323
[]\TU/lmr/m/n/10.03749 Python3 
 []


Underfull \hbox (badness 10000) in paragraph at lines 323--323
[]\TU/lmr/m/n/10.03749 Conda, pip,
 []


Overfull \hbox (1.58186pt too wide) in paragraph at lines 323--323
\TU/lmr/m/n/10.03749 TopHat 
 []


Overfull \hbox (5.35596pt too wide) in paragraph at lines 323--323
[]\TU/lmr/m/n/10.03749 Python2 
 []


Underfull \vbox (badness 10000) has occurred while \output is active []

 [22]
Underfull \hbox (badness 10000) in paragraph at lines 323--323
[]\TU/lmr/m/n/10.03749 Conda, pip,
 []


Underfull \hbox (badness 10000) in paragraph at lines 323--323
[]\TU/lmr/m/n/10.03749 BWA,
 []


Underfull \hbox (badness 10000) in paragraph at lines 323--323
\TU/lmr/m/n/10.03749 Map-
 []


Underfull \hbox (badness 10000) in paragraph at lines 323--323
\TU/lmr/m/n/10.03749 Splice,
 []


Underfull \hbox (badness 10000) in paragraph at lines 323--323
\TU/lmr/m/n/10.03749 Sege-
 []


Underfull \hbox (badness 10000) in paragraph at lines 323--323
\TU/lmr/m/n/10.03749 mehl,
 []


Underfull \hbox (badness 10000) in paragraph at lines 323--323
\TU/lmr/m/n/10.03749 STAR,
 []


Overfull \hbox (1.58186pt too wide) in paragraph at lines 323--323
\TU/lmr/m/n/10.03749 TopHat 
 []


Overfull \hbox (5.35596pt too wide) in paragraph at lines 323--323
[]\TU/lmr/m/n/10.03749 Python2 
 []


Underfull \hbox (badness 10000) in paragraph at lines 323--323
[]\TU/lmr/m/n/10.03749 Hisat2,
 []


Overfull \hbox (12.21156pt too wide) in paragraph at lines 323--323
\TU/lmr/m/n/10.03749 StringTie,
 []


Underfull \hbox (badness 10000) in paragraph at lines 323--323
\TU/lmr/m/n/10.03749 CIRC-
 []


Underfull \hbox (badness 10000) in paragraph at lines 323--323
\TU/lmr/m/n/10.03749 ex-
 []


Overfull \hbox (5.35596pt too wide) in paragraph at lines 323--323
[]\TU/lmr/m/n/10.03749 Python3 
 []


Underfull \hbox (badness 10000) in paragraph at lines 323--323
[]\TU/lmr/m/n/10.03749 Detect circRNA isoforms
 []


Overfull \hbox (11.61935pt too wide) in paragraph at lines 323--323
[]\TU/lmr/m/n/10.03749 minimap2 
 []


Overfull \hbox (5.35596pt too wide) in paragraph at lines 323--323
[]\TU/lmr/m/n/10.03749 Python3 
 []


Underfull \hbox (badness 1028) in paragraph at lines 323--323
[]\TU/lmr/m/n/10.03749 Predicting circRNA regula-
 []


Overfull \hbox (5.35596pt too wide) in paragraph at lines 323--323
[]\TU/lmr/m/n/10.03749 Python2 
 []


Underfull \hbox (badness 10000) in paragraph at lines 323--323
[]\TU/lmr/m/n/10.03749 C++,
 []


Overfull \hbox (14.01831pt too wide) in paragraph at lines 323--323
\TU/lmr/m/n/10.03749 JavaScript 
 []


Underfull \hbox (badness 10000) in paragraph at lines 323--323
[]\TU/lmr/m/n/10.03749 Automated detection of
 []


Underfull \hbox (badness 4084) in paragraph at lines 323--323
\TU/lmr/m/n/10.03749 circRNAs usign integrated
 []


Underfull \hbox (badness 10000) in paragraph at lines 323--323
[]\TU/lmr/m/n/10.03749 Manual,
 []


Overfull \hbox (5.21544pt too wide) in paragraph at lines 323--323
[]\TU/lmr/m/n/10.03749 Multiple 
 []


Overfull \hbox (8.14638pt too wide) in paragraph at lines 323--323
[]\TU/lmr/m/n/10.03749 Python2,
 []


Underfull \hbox (badness 10000) in paragraph at lines 323--323
[]\TU/lmr/m/n/10.03749 Automated detection of
 []


Underfull \hbox (badness 4084) in paragraph at lines 323--323
\TU/lmr/m/n/10.03749 circRNAs using integrated
 []


Underfull \hbox (badness 10000) in paragraph at lines 323--323
[]\TU/lmr/m/n/10.03749 Manual,
 []


Overfull \hbox (5.21544pt too wide) in paragraph at lines 323--323
[]\TU/lmr/m/n/10.03749 Multiple 
 []


Overfull \hbox (8.14638pt too wide) in paragraph at lines 323--323
[]\TU/lmr/m/n/10.03749 Python2,
 []


Underfull \hbox (badness 10000) in paragraph at lines 323--323
[]\TU/lmr/m/n/10.03749 circRNA coding potential
 []


Underfull \hbox (badness 5490) in paragraph at lines 323--323
[]\TU/lmr/m/n/10.03749 Identification of circRNAs
 []


Overfull \hbox (3.37857pt too wide) in paragraph at lines 323--323
[]\TU/lmr/m/n/10.03749 Bowtie2 
 []


Underfull \vbox (badness 10000) has occurred while \output is active []

 [23]
Overfull \hbox (5.21544pt too wide) in paragraph at lines 323--323
[]\TU/lmr/m/n/10.03749 Multiple 
 []


Underfull \hbox (badness 2189) in paragraph at lines 323--323
[]\TU/lmr/m/n/10.03749 Suite of tools to identify,
 []


Overfull \hbox (15.53398pt too wide) in paragraph at lines 323--323
[]\TU/lmr/m/n/10.03749 Python3,R 
 []


Underfull \hbox (badness 7631) in paragraph at lines 323--323
[]\TU/lmr/m/n/10.03749 Full-length characterisation
 []


Overfull \hbox (4.37228pt too wide) in paragraph at lines 323--323
[]\TU/lmr/m/n/10.03749 TopHat, 
 []


Overfull \hbox (8.8189pt too wide) in paragraph at lines 323--323
\TU/lmr/m/n/10.03749 Segemehl 
 []


Overfull \hbox (5.35596pt too wide) in paragraph at lines 323--323
[]\TU/lmr/m/n/10.03749 Python2 
 []


Underfull \hbox (badness 4805) in paragraph at lines 323--323
[]\TU/lmr/m/n/10.03749 Detect alternative splicing
 []


Underfull \hbox (badness 1783) in paragraph at lines 323--323
[]\TU/lmr/m/n/10.03749 Identification & quantifica-
 []


Underfull \hbox (badness 1783) in paragraph at lines 323--323
[]\TU/lmr/m/n/10.03749 Identification & quantifica-
 []


Overfull \hbox (5.35596pt too wide) in paragraph at lines 323--323
[]\TU/lmr/m/n/10.03749 Python3 
 []


Overfull \hbox (14.01831pt too wide) in paragraph at lines 323--323
[]\TU/lmr/m/n/10.03749 JavaScript 
 []


Underfull \hbox (badness 10000) in paragraph at lines 323--323
[]\TU/lmr/m/n/10.03749 Identify circRNAs in
 []


Overfull \hbox (11.61935pt too wide) in paragraph at lines 323--323
\TU/lmr/m/n/10.03749 minimap2 
 []


Underfull \hbox (badness 10000) in paragraph at lines 323--323
[]\TU/lmr/m/n/10.03749 C++,
 []


Overfull \hbox (5.35596pt too wide) in paragraph at lines 323--323
\TU/lmr/m/n/10.03749 Python3 
 []


Underfull \hbox (badness 10000) in paragraph at lines 323--323
[]\TU/lmr/m/n/10.03749 BWA,
 []


Overfull \hbox (3.81018pt too wide) in paragraph at lines 323--323
\TU/lmr/m/n/10.03749 HISAT2 
 []


Overfull \hbox (5.35596pt too wide) in paragraph at lines 323--323
[]\TU/lmr/m/n/10.03749 Python2 
 []


Underfull \hbox (badness 3029) in paragraph at lines 323--323
[]\TU/lmr/m/n/10.03749 Visualising circRNA align-
 []


Overfull \hbox (14.01831pt too wide) in paragraph at lines 323--323
[]\TU/lmr/m/n/10.03749 JavaScript 
 []


Underfull \hbox (badness 10000) in paragraph at lines 323--323
[]\TU/lmr/m/n/10.03749 Stacked generalization
 []


Underfull \hbox (badness 10000) in paragraph at lines 323--323
\TU/lmr/m/n/10.03749 ensemble deep learning
 []


Underfull \hbox (badness 10000) in paragraph at lines 323--323
\TU/lmr/m/n/10.03749 model to identify RBP
 []


Overfull \hbox (5.35596pt too wide) in paragraph at lines 323--323
[]\TU/lmr/m/n/10.03749 Python3 
 []


Underfull \vbox (badness 10000) has occurred while \output is active []

 [24]
Underfull \hbox (badness 10000) in paragraph at lines 323--323
[]\TU/lmr/m/n/10.03749 BWA,
 []


Underfull \hbox (badness 10000) in paragraph at lines 323--323
\TU/lmr/m/n/10.03749 STAR,
 []


Overfull \hbox (5.35596pt too wide) in paragraph at lines 323--323
[]\TU/lmr/m/n/10.03749 Python2 
 []


Overfull \hbox (5.35596pt too wide) in paragraph at lines 323--323
[]\TU/lmr/m/n/10.03749 Python3 
 []


Overfull \hbox (2.56554pt too wide) in paragraph at lines 323--323
[]\TU/lmr/m/n/10.03749 Pyton2,
 []


Underfull \hbox (badness 10000) in paragraph at lines 323--323
[]\TU/lmr/m/n/10.03749 Manual,
 []


Overfull \hbox (6.16899pt too wide) in paragraph at lines 323--323
[]\TU/lmr/m/n/10.03749 Bowtie2,
 []


Overfull \hbox (16.80873pt too wide) in paragraph at lines 323--323
[]\TU/lmr/m/n/10.03749 JavaScript,
 []


Underfull \hbox (badness 1783) in paragraph at lines 323--323
[]\TU/lmr/m/n/10.03749 Identification & quantifica-
 []


Overfull \hbox (3.37857pt too wide) in paragraph at lines 323--323
[]\TU/lmr/m/n/10.03749 Bowtie2 
 []


Overfull \hbox (5.35596pt too wide) in paragraph at lines 323--323
[]\TU/lmr/m/n/10.03749 Python2 
 []


Overfull \hbox (8.14638pt too wide) in paragraph at lines 323--323
[]\TU/lmr/m/n/10.03749 Python2,
 []


Underfull \hbox (badness 10000) in paragraph at lines 323--323
[]\TU/lmr/m/n/10.03749 Workflow for mRNA,
 []


Underfull \hbox (badness 10000) in paragraph at lines 323--323
\TU/lmr/m/n/10.03749 lncRNA, circRNA
 []


Underfull \hbox (badness 10000) in paragraph at lines 323--323
\TU/lmr/m/n/10.03749 identification &
 []


Overfull \hbox (12.46251pt too wide) in paragraph at lines 323--323
[]\TU/lmr/m/n/10.03749 Minimap2 
 []


Underfull \hbox (badness 10000) in paragraph at lines 323--323
[]\TU/lmr/m/n/10.03749 circular RNA prediction
 []


Overfull \hbox (5.35596pt too wide) in paragraph at lines 323--323
[]\TU/lmr/m/n/10.03749 Python3 
 []


Underfull \hbox (badness 7433) in paragraph at lines 323--323
[]\TU/lmr/m/n/10.03749 Statistical based circRNA
 []


Overfull \hbox (1.15025pt too wide) in paragraph at lines 323--323
[]\TU/lmr/m/n/10.03749 Bowtie,
 []


Overfull \hbox (3.37857pt too wide) in paragraph at lines 323--323
\TU/lmr/m/n/10.03749 Bowtie2 
 []


Overfull \hbox (3.12764pt too wide) in paragraph at lines 323--323
[]\TU/lmr/m/n/10.03749 Python,
 []


Underfull \hbox (badness 10000) in paragraph at lines 323--323
[]\TU/lmr/m/n/10.03749 circRNA quantification,
 []


Overfull \hbox (8.14638pt too wide) in paragraph at lines 323--323
[]\TU/lmr/m/n/10.03749 Python2,
 []


Underfull \hbox (badness 10000) in paragraph at lines 323--323
\TU/lmr/m/n/10.03749 R,
 []


Underfull \vbox (badness 10000) has occurred while \output is active []

 [25]
Underfull \hbox (badness 10000) in paragraph at lines 323--323
[]\TU/lmr/m/n/10.03749 BWA,
 []


Overfull \hbox (5.35596pt too wide) in paragraph at lines 323--323
\TU/lmr/m/n/10.03749 Python2 
 []


Underfull \hbox (badness 10000) in paragraph at lines 323--323
[]\TU/lmr/m/n/10.03749 Conda,
 []


Overfull \hbox (5.21544pt too wide) in paragraph at lines 323--323
[]\TU/lmr/m/n/10.03749 Multiple 
 []


Overfull \hbox (4.92435pt too wide) in paragraph at lines 323--323
[]\TU/lmr/m/n/10.03749 nextflow 
 []


Underfull \hbox (badness 5519) in paragraph at lines 323--323
[]\TU/lmr/m/n/10.03749 Random forest plant cir-
 []


Overfull \hbox (6.16899pt too wide) in paragraph at lines 323--323
[]\TU/lmr/m/n/10.03749 Bowtie2,
 []


Overfull \hbox (6.6006pt too wide) in paragraph at lines 323--323
\TU/lmr/m/n/10.03749 TopHat2 
 []


Overfull \hbox (8.14638pt too wide) in paragraph at lines 323--323
[]\TU/lmr/m/n/10.03749 Python3,
 []


Overfull \hbox (5.35596pt too wide) in paragraph at lines 323--323
\TU/lmr/m/n/10.03749 Python2 
 []


Overfull \hbox (5.35596pt too wide) in paragraph at lines 323--323
[]\TU/lmr/m/n/10.03749 Python2 
 []


Underfull \hbox (badness 5359) in paragraph at lines 323--323
[]\TU/lmr/m/n/10.03749 Classification of circRNAs
 []


Overfull \hbox (5.35596pt too wide) in paragraph at lines 323--323
[]\TU/lmr/m/n/10.03749 Python2 
 []


Overfull \hbox (5.35596pt too wide) in paragraph at lines 323--323
[]\TU/lmr/m/n/10.03749 Python2 
 []


Underfull \hbox (badness 1189) in paragraph at lines 323--323
[]\TU/lmr/m/n/10.03749 Identify post-transcriptional
 []


Overfull \hbox (16.80873pt too wide) in paragraph at lines 323--323
[]\TU/lmr/m/n/10.03749 JavaScript,
 []


Underfull \hbox (badness 10000) in paragraph at lines 323--323
[]\TU/lmr/m/n/10.03749 Annotation free circRNA
 []


Overfull \hbox (3.37857pt too wide) in paragraph at lines 323--323
\TU/lmr/m/n/10.03749 Bowtie2 
 []


Overfull \hbox (8.14638pt too wide) in paragraph at lines 323--323
[]\TU/lmr/m/n/10.03749 Python3,
 []


Overfull \hbox (6.16899pt too wide) in paragraph at lines 323--323
[]\TU/lmr/m/n/10.03749 Bowtie2,
 []


Underfull \hbox (badness 10000) in paragraph at lines 323--323
\TU/lmr/m/n/10.03749 BWA,
 []


Overfull \hbox (6.6006pt too wide) in paragraph at lines 323--323
\TU/lmr/m/n/10.03749 HISAT2,
 []


Underfull \hbox (badness 10000) in paragraph at lines 323--323
\TU/lmr/m/n/10.03749 STAR,
 []


Overfull \hbox (9.42114pt too wide) in paragraph at lines 323--323
\TU/lmr/m/n/10.03749 StringTie 
 []


Overfull \hbox (5.35596pt too wide) in paragraph at lines 323--323
[]\TU/lmr/m/n/10.03749 Python2 
 []


Overfull \hbox (8.8189pt too wide) in paragraph at lines 323--323
[]\TU/lmr/m/n/10.03749 Segemehl 
 []


Underfull \hbox (badness 5359) in paragraph at lines 323--323
[]\TU/lmr/m/n/10.03749 Classification of circRNAs
 []


Underfull \hbox (badness 10000) in paragraph at lines 323--323
[]\TU/lmr/m/n/10.03749 Identify circRNAs from
 []


Underfull \hbox (badness 10000) in paragraph at lines 323--323
[]\TU/lmr/m/n/10.03749 Perl,
 []


Underfull \vbox (badness 10000) has occurred while \output is active []

 [26]
Underfull \vbox (badness 10000) has occurred while \output is active []

 [27]
Underfull \vbox (badness 10000) has occurred while \output is active []

 [28]
File: Figure3.png Graphic file (type bmp)
<Figure3.png>

Underfull \vbox (badness 10000) has occurred while \output is active []

 [29]
Underfull \vbox (badness 10000) has occurred while \output is active []

 [30]
Underfull \vbox (badness 10000) has occurred while \output is active []

 [31]
> Step: init table outer spec.
> Step: parse table options.
> Step: split table.
> Step: init table inner spec.
> Step: parse table inner spec.
> Step: execute table commands.
> Step: calculate cell and line sizes.

Underfull \hbox (badness 7907) in paragraph at lines 393--393
\TU/lmr/m/n/10.03749 miRNA & RBP targets, isoforms,
 []


Underfull \hbox (badness 2318) in paragraph at lines 393--393
\TU/lmr/m/n/10.03749 expression in tissues, junction ratio,
 []


Underfull \hbox (badness 10000) in paragraph at lines 393--393
[]\TU/lmr/m/n/10.03749 hsa, mml, mmu,
 []


Underfull \hbox (badness 2368) in paragraph at lines 393--393
\TU/lmr/m/n/10.03749 rno, ocu, clf, fca,
 []


Overfull \hbox (4.61267pt too wide) in paragraph at lines 393--393
[][][]\TU/lmr/m/n/10.03749 CircInteractome[][] 
 []


Underfull \hbox (badness 2197) in paragraph at lines 393--393
[]\TU/lmr/m/n/10.03749 ath, osa, tae, sly,
 []


Underfull \hbox (badness 10000) in paragraph at lines 393--393
\TU/lmr/m/n/10.03749 mml, rno, mmu,
 []


Overfull \hbox (8.62878pt too wide) in paragraph at lines 393--393
[][][]\TU/lmr/m/n/10.03749 circRNADisease[][]$[]$ 
 []

> Step: build the whole table.

Underfull \hbox (badness 7907) in paragraph at lines 393--393
\TU/lmr/m/n/10.03749 miRNA & RBP targets, isoforms,
 []


Underfull \hbox (badness 2318) in paragraph at lines 393--393
\TU/lmr/m/n/10.03749 expression in tissues, junction ratio,
 []


Underfull \hbox (badness 10000) in paragraph at lines 393--393
[]\TU/lmr/m/n/10.03749 hsa, mml, mmu,
 []


Underfull \hbox (badness 2368) in paragraph at lines 393--393
\TU/lmr/m/n/10.03749 rno, ocu, clf, fca,
 []


Overfull \hbox (4.61267pt too wide) in paragraph at lines 393--393
[][][]\TU/lmr/m/n/10.03749 CircInteractome[][] 
 []


Underfull \hbox (badness 2197) in paragraph at lines 393--393
[]\TU/lmr/m/n/10.03749 ath, osa, tae, sly,
 []


Underfull \hbox (badness 10000) in paragraph at lines 393--393
\TU/lmr/m/n/10.03749 mml, rno, mmu,
 []


Overfull \hbox (8.62878pt too wide) in paragraph at lines 393--393
[][][]\TU/lmr/m/n/10.03749 circRNADisease[][]$[]$ 
 []


Underfull \vbox (badness 10000) has occurred while \output is active []

 [32]
Underfull \vbox (badness 10000) has occurred while \output is active []

 [33]

Package hyperref Warning: Difference (4) between bookmark levels is greater 
(hyperref)                than one, level fixed on input line 405.


Package hyperref Warning: Difference (3) between bookmark levels is greater 
(hyperref)                than one, level fixed on input line 408.


Underfull \vbox (badness 10000) has occurred while \output is active []

 [34] (./sn-article.bbl
Underfull \hbox (badness 1122) in paragraph at lines 49--63
\TU/lmr/m/n/10.03749 base-paired rod-like structures. Proceedings of the National Academy of
 []


Underfull \hbox (badness 1019) in paragraph at lines 49--63
\TU/lmr/m/n/10.03749 Sciences \TU/lmr/bx/n/10.03749 73\TU/lmr/m/n/10.03749 (11), 38523856 (1976) [][]$[][][][][] [] [] [] [][][] [] [][][] [] [][] [] [][][][] [] [][][][] [] [][] [] [][] [] [][][][]$[][]
 []


Underfull \hbox (badness 2158) in paragraph at lines 111--122
[]\TU/lmr/m/n/10.03749 Grabowski, P.J., Zaug, A.J., Cech, T.R.: The intervening sequence of
 []


Underfull \vbox (badness 10000) has occurred while \output is active []

 [35]
Underfull \hbox (badness 3780) in paragraph at lines 195--208
[]\TU/lmr/m/n/10.03749 Qian, L., Vu, M.N., Carter, M., Wilkinson, M.F.: A spliced intron
 []


Underfull \hbox (badness 5924) in paragraph at lines 195--208
\TU/lmr/m/n/10.03749 accumulates as a lariat in the nucleus of T cells. Nucleic Acids
 []


Underfull \hbox (badness 1048) in paragraph at lines 195--208
\TU/lmr/m/n/10.03749 Research \TU/lmr/bx/n/10.03749 20\TU/lmr/m/n/10.03749 (20), 53455350 (1992) [][]$[][][][][] [] [] [] [][][] [] [][][] [] [][] [] [][][][] [] [][][] [] [][] [] [][] [] [][][][]$[][]
 []


Underfull \hbox (badness 10000) in paragraph at lines 195--208
[][]\TU/lmr/m/n/10.03749 https://academic.oup.com/nar/article-pdf/20/20/5345/7073334/20-20-
 []


Underfull \vbox (badness 10000) has occurred while \output is active []

 [36]
Underfull \hbox (badness 1983) in paragraph at lines 380--396
[]\TU/lmr/m/n/10.03749 Hansen, T.B., Jensen, T.I., Clausen, B.H., Bramsen, J.B., Finsen, B.,
 []


Underfull \hbox (badness 2096) in paragraph at lines 380--396
\TU/lmr/m/n/10.03749 Damgaard, C.K., Kjems, J.: Natural RNA circles function as efficient
 []


Underfull \vbox (badness 10000) has occurred while \output is active []

 [37]
Underfull \hbox (badness 1642) in paragraph at lines 664--678
\TU/lmr/m/n/10.03749 T.B., Kjems, J.: The biogenesis, biology and characterization of circu-
 []


Underfull \vbox (badness 10000) has occurred while \output is active []

 [38]
Underfull \hbox (badness 1097) in paragraph at lines 751--760
[]\TU/lmr/m/n/10.03749 Panda, A.C.: Circular RNAs Act as miRNA Sponges. Adv. Exp. Med.
 []


Underfull \hbox (badness 3312) in paragraph at lines 751--760
\TU/lmr/m/n/10.03749 Biol. \TU/lmr/bx/n/10.03749 1087:67-79.\TU/lmr/m/n/10.03749 (;), (2018) [][]$[][][][][] [] [] [] [][][] [] [][][] [] [][] [] [][][][] [] [][][][][][][][][][][][][][][][][][][][][] [] []$[][]
 []


Underfull \hbox (badness 10000) in paragraph at lines 777--783
[]\TU/lmr/m/n/10.03749 RNA Splicing $\OMS/cmsy/m/n/10 j$ \TU/lmr/m/n/10.03749 Learn Science at Scitable. [Online; accessed 31.
 []


Underfull \hbox (badness 10000) in paragraph at lines 777--783
\TU/lmr/m/n/10.03749 Aug. 2023] (2019). [][]$[][][][][] [] [] [] [][][] [] [][][][][][] [] [][][] [] [][][][][][][][] [] [][][][][][][][][] []
 []


Underfull \hbox (badness 1281) in paragraph at lines 855--864
\TU/lmr/m/n/10.03749 Genetic Elements \TU/lmr/bx/n/10.03749 5\TU/lmr/m/n/10.03749 (3), 39 (2015) [][]$[][][][][] [] [] [] [][][] [] [][][] [] [][] [] [][][][] [] [][][][][][][][] [] [][][][] []
 []


Underfull \vbox (badness 10000) has occurred while \output is active []

 [39]
Underfull \vbox (badness 10000) has occurred while \output is active []

 [40]
Underfull \vbox (badness 10000) has occurred while \output is active []

 [41]
Underfull \vbox (badness 10000) has occurred while \output is active []

 [42]
Underfull \vbox (badness 10000) has occurred while \output is active []

 [43]
Underfull \vbox (badness 10000) has occurred while \output is active []

 [44]
Underfull \vbox (badness 10000) has occurred while \output is active []

 [45]
Underfull \vbox (badness 10000) has occurred while \output is active []

 [46]
Underfull \hbox (badness 1515) in paragraph at lines 2267--2279
\TU/lmr/m/n/10.03749 learning approach for circular RNA classification from other long non-
 []


Underfull \vbox (badness 10000) has occurred while \output is active []

 [47]
Underfull \vbox (badness 10000) has occurred while \output is active []

 [48]
Underfull \vbox (badness 10000) has occurred while \output is active []

 [49]
Underfull \vbox (badness 10000) has occurred while \output is active []

 [50]
Underfull \vbox (badness 10000) has occurred while \output is active []

 [51]
Underfull \vbox (badness 10000) has occurred while \output is active []

 [52]
Underfull \hbox (badness 1142) in paragraph at lines 3501--3511
[]\TU/lmr/m/n/10.03749 Agarwal, V., Bell, G.W., Nam, J.-W., Bartel, D.P.: Predicting effective
 []


Underfull \vbox (badness 10000) has occurred while \output is active []

 [53]
Underfull \vbox (badness 10000) has occurred while \output is active []

 [54]
Underfull \vbox (badness 10000) has occurred while \output is active []

 [55]
Underfull \vbox (badness 10000) has occurred while \output is active []

 [56])
Underfull \vbox (badness 10000) has occurred while \output is active []

 [57] (./sn-article.aux)

LaTeX Font Warning: Size substitutions with differences
(Font)              up to 1.48691pt have occurred.

Package rerunfilecheck Info: File `sn-article.out' has not changed.
(rerunfilecheck)             Checksum: 2F93BD2DBE98D832A120174311315D34;3377.
 ) 
Here is how much of TeX's memory you used:
 17383 strings out of 476675
 306258 string characters out of 5803798
 1898296 words of memory out of 5000000
 37352 multiletter control sequences out of 15000+600000
 538218 words of font info for 129 fonts, out of 8000000 for 9000
 1358 hyphenation exceptions out of 8191
 87i,10n,109p,3840b,1228s stack positions out of 10000i,1000n,20000p,200000b,200000s

Output written on sn-article.xdv (57 pages, 1798620 bytes).
